OpenROAD 1 4d4d7205fd0292dbf3fae55fad9109b3f0bd5786
This program is licensed under the BSD-3 license. See the LICENSE file for details.
Components of this program may be licensed under more restrictive licenses which must be honored.
[INFO ODB-0222] Reading LEF file: /openLANE_flow/designs/priority_encoder/runs/enc/tmp/merged.lef
[WARNING ODB-0220] WARNING (LEFPARS-2036): SOURCE statement is obsolete in version 5.6 and later.
The LEF parser will ignore this statement.
To avoid this warning in the future, remove this statement from the LEF file with version 5.6 or later. See file /openLANE_flow/designs/priority_encoder/runs/enc/tmp/merged.lef at line 68178.

[INFO ODB-0223]     Created 13 technology layers
[INFO ODB-0224]     Created 25 technology vias
[INFO ODB-0225]     Created 441 library cells
[INFO ODB-0226] Finished LEF file:  /openLANE_flow/designs/priority_encoder/runs/enc/tmp/merged.lef
[INFO ODB-0127] Reading DEF file: /openLANE_flow/designs/priority_encoder/runs/enc/results/routing/16-priority_encoder.def
[INFO ODB-0128] Design: priority_encoder
[INFO ODB-0130]     Created 16 pins.
[INFO ODB-0131]     Created 130 components and 593 component-terminals.
[INFO ODB-0132]     Created 2 special nets and 506 connections.
[INFO ODB-0133]     Created 39 nets and 87 connections.
[INFO ODB-0134] Finished DEF file: /openLANE_flow/designs/priority_encoder/runs/enc/results/routing/16-priority_encoder.def
Top-level design name: priority_encoder
Default power net:  VPWR
Default ground net: VGND
Found a total of 1 power ports.
Found a total of 1 ground ports.
Modified power connections of 130 cells (Remaining: 0 ).
