OpenROAD 1 4d4d7205fd0292dbf3fae55fad9109b3f0bd5786
This program is licensed under the BSD-3 license. See the LICENSE file for details.
Components of this program may be licensed under more restrictive licenses which must be honored.
[INFO ODB-0222] Reading LEF file: /openLANE_flow/designs/priority_encoder/runs/enc/tmp/merged_unpadded.lef
[WARNING ODB-0220] WARNING (LEFPARS-2036): SOURCE statement is obsolete in version 5.6 and later.
The LEF parser will ignore this statement.
To avoid this warning in the future, remove this statement from the LEF file with version 5.6 or later. See file /openLANE_flow/designs/priority_encoder/runs/enc/tmp/merged_unpadded.lef at line 68178.

[INFO ODB-0223]     Created 13 technology layers
[INFO ODB-0224]     Created 25 technology vias
[INFO ODB-0225]     Created 441 library cells
[INFO ODB-0226] Finished LEF file:  /openLANE_flow/designs/priority_encoder/runs/enc/tmp/merged_unpadded.lef
[INFO ODB-0127] Reading DEF file: /openLANE_flow/designs/priority_encoder/runs/enc/tmp/placement/7-resizer.def
[INFO ODB-0128] Design: priority_encoder
[INFO ODB-0130]     Created 16 pins.
[INFO ODB-0131]     Created 61 components and 317 component-terminals.
[INFO ODB-0132]     Created 2 special nets and 230 connections.
[INFO ODB-0133]     Created 39 nets and 87 connections.
[INFO ODB-0134] Finished DEF file: /openLANE_flow/designs/priority_encoder/runs/enc/tmp/placement/7-resizer.def
Placement Analysis
---------------------------------
total displacement          0.0 u
average displacement        0.0 u
max displacement            0.0 u
original HPWL             539.7 u
legalized HPWL            552.3 u
delta HPWL                    2 %

[INFO DPL-0020] Mirrored 14 instances
[INFO DPL-0021] HPWL before             552.3 u
[INFO DPL-0022] HPWL after              539.7 u
[INFO DPL-0023] HPWL delta               -2.3 %
