OpenROAD 1 4d4d7205fd0292dbf3fae55fad9109b3f0bd5786
This program is licensed under the BSD-3 license. See the LICENSE file for details.
Components of this program may be licensed under more restrictive licenses which must be honored.
[INFO ODB-0222] Reading LEF file: /openLANE_flow/designs/priority_encoder/runs/enc/tmp/merged_unpadded.lef
[WARNING ODB-0220] WARNING (LEFPARS-2036): SOURCE statement is obsolete in version 5.6 and later.
The LEF parser will ignore this statement.
To avoid this warning in the future, remove this statement from the LEF file with version 5.6 or later. See file /openLANE_flow/designs/priority_encoder/runs/enc/tmp/merged_unpadded.lef at line 68178.

[INFO ODB-0223]     Created 13 technology layers
[INFO ODB-0224]     Created 25 technology vias
[INFO ODB-0225]     Created 441 library cells
[INFO ODB-0226] Finished LEF file:  /openLANE_flow/designs/priority_encoder/runs/enc/tmp/merged_unpadded.lef
[INFO ODB-0127] Reading DEF file: /openLANE_flow/designs/priority_encoder/runs/enc/tmp/floorplan/6-pdn.def
[INFO ODB-0128] Design: priority_encoder
[INFO ODB-0130]     Created 16 pins.
[INFO ODB-0131]     Created 47 components and 233 component-terminals.
[INFO ODB-0132]     Created 2 special nets and 174 connections.
[INFO ODB-0133]     Created 25 nets and 59 connections.
[INFO ODB-0134] Finished DEF file: /openLANE_flow/designs/priority_encoder/runs/enc/tmp/floorplan/6-pdn.def
[INFO GPL-0002] DBU: 1000
[INFO GPL-0003] SiteSize: 460 2720
[INFO GPL-0004] CoreAreaLxLy: 5520 10880
[INFO GPL-0005] CoreAreaUxUy: 28520 43520
[INFO GPL-0006] NumInstances: 47
[INFO GPL-0007] NumPlaceInstances: 16
[INFO GPL-0008] NumFixedInstances: 31
[INFO GPL-0009] NumDummyInstances: 0
[INFO GPL-0010] NumNets: 25
[INFO GPL-0011] NumPins: 73
[INFO GPL-0012] DieAreaLxLy: 0 0
[INFO GPL-0013] DieAreaUxUy: 34165 54885
[INFO GPL-0014] CoreAreaLxLy: 5520 10880
[INFO GPL-0015] CoreAreaUxUy: 28520 43520
[INFO GPL-0016] CoreArea: 750720000
[INFO GPL-0017] NonPlaceInstsArea: 98844800
[INFO GPL-0018] PlaceInstsArea: 116361600
[INFO GPL-0019] Util(%): 17.85
[INFO GPL-0020] StdInstsArea: 116361600
[INFO GPL-0021] MacroInstsArea: 0
[INFO GPL-0031] FillerInit: NumGCells: 69
[INFO GPL-0032] FillerInit: NumGNets: 25
[INFO GPL-0033] FillerInit: NumGPins: 73
[INFO GPL-0023] TargetDensity: 0.75
[INFO GPL-0024] AveragePlaceInstArea: 7272600
[INFO GPL-0025] IdealBinArea: 9696800
[INFO GPL-0026] IdealBinCnt: 77
[INFO GPL-0027] TotalBinArea: 750720000
[INFO GPL-0028] BinCnt: 8 8
[INFO GPL-0029] BinSize: 2875 4080
[INFO GPL-0030] NumBins: 64
[NesterovSolve] Iter: 1 overflow: 0.321145 HPWL: 515086
[INFO GPL-0100] worst slack 1e+30
[WARNING GPL-0102] No slacks found. Timing-driven mode disabled.
[NesterovSolve] Snapshot saved at iter = 0
[NesterovSolve] Iter: 10 overflow: 0.284163 HPWL: 469920
[NesterovSolve] Iter: 20 overflow: 0.288161 HPWL: 458055
[NesterovSolve] Iter: 30 overflow: 0.307368 HPWL: 458110
[NesterovSolve] Iter: 40 overflow: 0.297725 HPWL: 456652
[NesterovSolve] Iter: 50 overflow: 0.307385 HPWL: 458840
[NesterovSolve] Iter: 60 overflow: 0.312283 HPWL: 459501
[NesterovSolve] Iter: 70 overflow: 0.313293 HPWL: 459757
[NesterovSolve] Iter: 80 overflow: 0.308147 HPWL: 459005
[NesterovSolve] Iter: 90 overflow: 0.304852 HPWL: 458504
[NesterovSolve] Iter: 100 overflow: 0.308068 HPWL: 458944
[NesterovSolve] Iter: 110 overflow: 0.312056 HPWL: 459457
[NesterovSolve] Iter: 120 overflow: 0.311214 HPWL: 459417
[NesterovSolve] Iter: 130 overflow: 0.30775 HPWL: 458952
[NesterovSolve] Iter: 140 overflow: 0.307023 HPWL: 458820
[NesterovSolve] Iter: 150 overflow: 0.309239 HPWL: 459136
[NesterovSolve] Iter: 160 overflow: 0.310198 HPWL: 459301
[NesterovSolve] Iter: 170 overflow: 0.308516 HPWL: 459194
[NesterovSolve] Iter: 180 overflow: 0.306938 HPWL: 459077
[NesterovSolve] Iter: 190 overflow: 0.307374 HPWL: 459152
[NesterovSolve] Iter: 200 overflow: 0.308523 HPWL: 459246
[NesterovSolve] Iter: 210 overflow: 0.308204 HPWL: 459222
[NesterovSolve] Iter: 220 overflow: 0.307254 HPWL: 459177
[NesterovSolve] Iter: 230 overflow: 0.308212 HPWL: 459288
[NesterovSolve] Iter: 240 overflow: 0.310915 HPWL: 459609
[NesterovSolve] Iter: 250 overflow: 0.311176 HPWL: 459848
[NesterovSolve] Iter: 260 overflow: 0.3069 HPWL: 459355
[NesterovSolve] Iter: 270 overflow: 0.30243 HPWL: 458977
[NesterovSolve] Iter: 280 overflow: 0.299898 HPWL: 458838
[NesterovSolve] Iter: 290 overflow: 0.296253 HPWL: 458732
[NesterovSolve] Iter: 300 overflow: 0.293427 HPWL: 459018
[NesterovSolve] Iter: 310 overflow: 0.284438 HPWL: 458861
[NesterovSolve] Iter: 320 overflow: 0.271675 HPWL: 458301
[NesterovSolve] Iter: 330 overflow: 0.262234 HPWL: 458624
[NesterovSolve] Iter: 340 overflow: 0.248691 HPWL: 458543
[NesterovSolve] Iter: 350 overflow: 0.231295 HPWL: 458936
[NesterovSolve] Iter: 360 overflow: 0.209444 HPWL: 459141
[INFO GPL-0075] Routability numCall: 1 inflationIterCnt: 1 bloatIterCnt: 0
[INFO GRT-0020] Min routing layer: li1
[INFO GRT-0021] Max routing layer: met5
[INFO GRT-0022] Global adjustment: 0%
[INFO GRT-0023] Grid origin: (0, 0)
[WARNING GRT-0043] No OR_DEFAULT vias defined.
[INFO GRT-0224] Chose via L1M1_PR as default.
[INFO GRT-0224] Chose via M1M2_PR as default.
[INFO GRT-0224] Chose via M2M3_PR as default.
[INFO GRT-0224] Chose via M3M4_PR as default.
[INFO GRT-0224] Chose via M4M5_PR as default.
[INFO GRT-0088] Layer li1     Track-Pitch = 0.4600  line-2-Via Pitch: 0.3400
[INFO GRT-0088] Layer met1    Track-Pitch = 0.3400  line-2-Via Pitch: 0.3400
[INFO GRT-0088] Layer met2    Track-Pitch = 0.4600  line-2-Via Pitch: 0.3500
[INFO GRT-0088] Layer met3    Track-Pitch = 0.6800  line-2-Via Pitch: 0.6150
[INFO GRT-0088] Layer met4    Track-Pitch = 0.9200  line-2-Via Pitch: 1.0400
[INFO GRT-0088] Layer met5    Track-Pitch = 3.4000  line-2-Via Pitch: 3.1100
[INFO GRT-0003] Macros: 0
[INFO GRT-0004] Blockages: 736
[INFO GRT-0019] Found 0 clock nets.
[INFO GRT-0001] Minimum degree: 2
[INFO GRT-0002] Maximum degree: 6
[INFO GRT-0017] Processing 499 blockages on layer li1.
[INFO GRT-0017] Processing 107 blockages on layer met1.
[INFO GRT-0017] Processing 5 blockages on layer met4.
[INFO GRT-0017] Processing 5 blockages on layer met5.

[INFO GRT-0053] Routing resources analysis:
          Routing      Original      Derated      Resource
Layer     Direction    Resources     Resources    Reduction (%)
---------------------------------------------------------------
li1        Vertical          420           405          3.57%
met1       Horizontal        560           400          28.57%
met2       Vertical          420           432          -2.86%
met3       Horizontal        280           234          16.43%
met4       Vertical          168           167          0.60%
met5       Horizontal         56            42          25.00%
---------------------------------------------------------------

[INFO GRT-0111] Final number of vias: 33
[INFO GRT-0112] Final usage 3D: 141

[INFO GRT-0096] Final congestion report:
Layer         Resource        Demand        Usage (%)    Max H / Max V / Total Overflow
---------------------------------------------------------------------------------------
li1                405            19            4.69%             0 /  0 /  0
met1               400            20            5.00%             0 /  0 /  0
met2               432             3            0.69%             0 /  0 /  0
met3               234             0            0.00%             0 /  0 /  0
met4               167             0            0.00%             0 /  0 /  0
met5                42             0            0.00%             0 /  0 /  0
---------------------------------------------------------------------------------------
Total             1680            42            2.50%             0 /  0 /  0

[INFO GRT-0018] Total wirelength: 828 um
[INFO GPL-0036] TileLxLy: 0 0
[INFO GPL-0037] TileSize: 6900 6900
[INFO GPL-0038] TileCnt: 4 8
[INFO GPL-0039] numRoutingLayers: 6
[INFO GPL-0040] NumTiles: 32
[INFO GPL-0063] TotalRouteOverflowH2: 0.0
[INFO GPL-0064] TotalRouteOverflowV2: 0.0
[INFO GPL-0065] OverflowTileCnt2: 0
[INFO GPL-0066] 0.5%RC: 0.9333333373069763
[INFO GPL-0067] 1.0%RC: 0.9333333373069763
[INFO GPL-0068] 2.0%RC: 0.6333333402872086
[INFO GPL-0069] 5.0%RC: 0.5333333412806193
[INFO GPL-0070] 0.5rcK: 1.0
[INFO GPL-0071] 1.0rcK: 1.0
[INFO GPL-0072] 2.0rcK: 0.0
[INFO GPL-0073] 5.0rcK: 0.0
[INFO GPL-0074] FinalRC: 0.93333334
[NesterovSolve] Iter: 370 overflow: 0.186389 HPWL: 459332
[NesterovSolve] Iter: 380 overflow: 0.156073 HPWL: 459020
[NesterovSolve] Iter: 390 overflow: 0.132388 HPWL: 459122
[NesterovSolve] Iter: 400 overflow: 0.106626 HPWL: 460722
[NesterovSolve] Finished with Overflow: 0.098432
create_clock [get_ports $::env(CLOCK_PORT)]  -name $::env(CLOCK_PORT)  -period $::env(CLOCK_PERIOD)
set input_delay_value [expr $::env(CLOCK_PERIOD) * $::env(IO_PCT)]
set output_delay_value [expr $::env(CLOCK_PERIOD) * $::env(IO_PCT)]
puts "\[INFO\]: Setting output delay to: $output_delay_value"
[INFO]: Setting output delay to: 2.0
puts "\[INFO\]: Setting input delay to: $input_delay_value"
[INFO]: Setting input delay to: 2.0
set_max_fanout $::env(SYNTH_MAX_FANOUT) [current_design]
set clk_indx [lsearch [all_inputs] [get_port $::env(CLOCK_PORT)]]
#set rst_indx [lsearch [all_inputs] [get_port resetn]]
set all_inputs_wo_clk [lreplace [all_inputs] $clk_indx $clk_indx]
#set all_inputs_wo_clk_rst [lreplace $all_inputs_wo_clk $rst_indx $rst_indx]
set all_inputs_wo_clk_rst $all_inputs_wo_clk
# correct resetn
set_input_delay $input_delay_value  -clock [get_clocks $::env(CLOCK_PORT)] $all_inputs_wo_clk_rst
#set_input_delay 0.0 -clock [get_clocks $::env(CLOCK_PORT)] {resetn}
set_output_delay $output_delay_value  -clock [get_clocks $::env(CLOCK_PORT)] [all_outputs]
# TODO set this as parameter
set_driving_cell -lib_cell $::env(SYNTH_DRIVING_CELL) -pin $::env(SYNTH_DRIVING_CELL_PIN) [all_inputs]
set cap_load [expr $::env(SYNTH_CAP_LOAD) / 1000.0]
puts "\[INFO\]: Setting load to: $cap_load"
[INFO]: Setting load to: 0.01765
set_load  $cap_load [all_outputs]
timing_report
No paths found.
timing_report_end
min_max_report
No paths found.
min_max_report_end
check_report
No paths found.
check_report_end
wns 0.00
tns 0.00
