
83. Printing statistics.

=== dvsd_pe ===

   Number of wires:                 35
   Number of wire bits:             44
   Number of public wires:           5
   Number of public wire bits:      14
   Number of memories:               0
   Number of memory bits:            0
   Number of processes:              0
   Number of cells:                 35
     sky130_fd_sc_hd__a21oi_2        1
     sky130_fd_sc_hd__a2bb2o_2       1
     sky130_fd_sc_hd__a31o_2         1
     sky130_fd_sc_hd__buf_1          5
     sky130_fd_sc_hd__dlxtn_1        3
     sky130_fd_sc_hd__inv_2          8
     sky130_fd_sc_hd__o21ai_2        1
     sky130_fd_sc_hd__o22a_2         2
     sky130_fd_sc_hd__o22ai_2        1
     sky130_fd_sc_hd__o2bb2a_2       1
     sky130_fd_sc_hd__o41a_2         2
     sky130_fd_sc_hd__or2_2          1
     sky130_fd_sc_hd__or3_2          2
     sky130_fd_sc_hd__or4_2          4
     sky130_fd_sc_hd__or4b_2         2

   Chip area for module '\dvsd_pe': 276.515200

