
65. Printing statistics.

=== dvsd_pe ===

   Number of wires:                 33
   Number of wire bits:             42
   Number of public wires:           5
   Number of public wire bits:      14
   Number of memories:               0
   Number of memory bits:            0
   Number of processes:              0
   Number of cells:                 33
     sky130_fd_sc_hd__a2111o_2       1
     sky130_fd_sc_hd__a21oi_2        2
     sky130_fd_sc_hd__a2bb2o_2       1
     sky130_fd_sc_hd__buf_1          4
     sky130_fd_sc_hd__dlxtn_1        3
     sky130_fd_sc_hd__inv_2          6
     sky130_fd_sc_hd__nand2_2        1
     sky130_fd_sc_hd__o21ai_2        1
     sky130_fd_sc_hd__o22a_2         1
     sky130_fd_sc_hd__o22ai_2        2
     sky130_fd_sc_hd__o2bb2a_2       1
     sky130_fd_sc_hd__o41a_2         2
     sky130_fd_sc_hd__or2_2          2
     sky130_fd_sc_hd__or3_2          3
     sky130_fd_sc_hd__or3b_2         1
     sky130_fd_sc_hd__or4_2          1
     sky130_fd_sc_hd__or4b_2         1

   Chip area for module '\dvsd_pe': 272.761600

