0-prep 0h0m10s740ms
1-yosys 0h0m2s339ms
2-opensta 0h0m7s50ms
3-verilog2def_openroad 0h0m6s276ms
4-ioPlacer 0h0m5s455ms
5-tapcell 0h0m5s483ms
6-pdn 0h0m7s430ms
7-replace 0h0m7s766ms
7-resizer 0h0m6s937ms
8-write_verilog 0h0m6s688ms
9-opensta_post_resizer 0h0m8s308ms
10-opendp 0h0m6s573ms
11-resizer_timing 0h0m7s244ms
12-write_verilog 0h0m6s797ms
13-opensta_post_resizer_timing 0h0m9s60ms
14-fastroute 0h0m9s164ms
15-addspacers 0h0m6s43ms
16-write_verilog 0h0m5s777ms
17-tritonRoute 0h0m16s856ms
18-spef_extraction 0h0m6s678ms
19-opensta_spef 0h0m9s667ms
21-write_verilog 0h0m5s914ms
25-magic_gen 0h0m3s744ms
26-klayout 0h0m7s108ms
28-klayout_xor 0h0m27s154ms
29-magic_ext_spice 0h0m0s828ms
30-lvs 0h0m0s363ms
31-magic_drc 0h0m27s555ms
33-or_antenna 0h0m6s540ms
34-cvc 0h0m0s469ms