Using Techfile: /home/khalique/openlane/OpenLane/pdks/sky130A/libs.tech/klayout/sky130A.lyt
Using DEF file: /openLANE_flow/designs/priority_encoder/runs/enc/results/routing/16-priority_encoder.def
Design Name: priority_encoder
Output GDS will be: /openLANE_flow/designs/priority_encoder/runs/enc/results/klayout/priority_encoder.gds
Extra GDSes:
/home/khalique/openlane/OpenLane/pdks/sky130A/libs.ref/sky130_fd_sc_hd/gds/sky130_ef_sc_hd__fill_12.gds /home/khalique/openlane/OpenLane/pdks/sky130A/libs.ref/sky130_fd_sc_hd/gds/sky130_ef_sc_hd__fakediode_2.gds /home/khalique/openlane/OpenLane/pdks/sky130A/libs.ref/sky130_fd_sc_hd/gds/sky130_ef_sc_hd__fill_4.gds /home/khalique/openlane/OpenLane/pdks/sky130A/libs.ref/sky130_fd_sc_hd/gds/sky130_ef_sc_hd__decap_12.gds /home/khalique/openlane/OpenLane/pdks/sky130A/libs.ref/sky130_fd_sc_hd/gds/sky130_fd_sc_hd.gds /home/khalique/openlane/OpenLane/pdks/sky130A/libs.ref/sky130_fd_sc_hd/gds/sky130_ef_sc_hd__fill_8.gds
[INFO] Clearing cells...
[INFO] Merging GDS files...
	/home/khalique/openlane/OpenLane/pdks/sky130A/libs.ref/sky130_fd_sc_hd/gds/sky130_ef_sc_hd__fill_12.gds
	/home/khalique/openlane/OpenLane/pdks/sky130A/libs.ref/sky130_fd_sc_hd/gds/sky130_ef_sc_hd__fakediode_2.gds
	/home/khalique/openlane/OpenLane/pdks/sky130A/libs.ref/sky130_fd_sc_hd/gds/sky130_ef_sc_hd__fill_4.gds
	/home/khalique/openlane/OpenLane/pdks/sky130A/libs.ref/sky130_fd_sc_hd/gds/sky130_ef_sc_hd__decap_12.gds
	/home/khalique/openlane/OpenLane/pdks/sky130A/libs.ref/sky130_fd_sc_hd/gds/sky130_fd_sc_hd.gds
	/home/khalique/openlane/OpenLane/pdks/sky130A/libs.ref/sky130_fd_sc_hd/gds/sky130_ef_sc_hd__fill_8.gds
[INFO] Copying toplevel cell 'priority_encoder'
WARNING: no fill config file specified
[INFO] Checking for missing GDS...
[INFO] All LEF cells have matching GDS cells
[INFO] Writing out GDS '/openLANE_flow/designs/priority_encoder/runs/enc/results/klayout/priority_encoder.gds'
Done
