First Layout: /openLANE_flow/designs/priority_encoder/runs/enc/results/magic/priority_encoder.gds
Second Layout: /openLANE_flow/designs/priority_encoder/runs/enc/results/klayout/priority_encoder.gds
Design Name: priority_encoder
Output GDS will be: /openLANE_flow/designs/priority_encoder/runs/enc/results/klayout/priority_encoder.xor.gds
Reading /openLANE_flow/designs/priority_encoder/runs/enc/results/magic/priority_encoder.gds ..
Reading /openLANE_flow/designs/priority_encoder/runs/enc/results/klayout/priority_encoder.gds ..
--- Running XOR for 10/0 ---
"input" in: xor.drc:38
    Polygons (raw): 0 (flat)  0 (hierarchical)
    Elapsed: 0.020s  Memory: 526.00M
"input" in: xor.drc:38
    Polygons (raw): 128 (flat)  4 (hierarchical)
    Elapsed: 0.030s  Memory: 526.00M
"^" in: xor.drc:38
    Polygons (raw): 128 (flat)  4 (hierarchical)
    Elapsed: 0.020s  Memory: 526.00M
XOR differences: 128
"output" in: xor.drc:41
    Polygons (raw): 128 (flat)  4 (hierarchical)
    Elapsed: 0.010s  Memory: 526.00M
--- Running XOR for 11/0 ---
"input" in: xor.drc:38
    Polygons (raw): 0 (flat)  0 (hierarchical)
    Elapsed: 0.010s  Memory: 526.00M
"input" in: xor.drc:38
    Polygons (raw): 50 (flat)  7 (hierarchical)
    Elapsed: 0.020s  Memory: 526.00M
"^" in: xor.drc:38
    Polygons (raw): 50 (flat)  7 (hierarchical)
    Elapsed: 0.020s  Memory: 526.00M
XOR differences: 50
"output" in: xor.drc:41
    Polygons (raw): 50 (flat)  7 (hierarchical)
    Elapsed: 0.020s  Memory: 526.00M
--- Running XOR for 12/0 ---
"input" in: xor.drc:38
    Polygons (raw): 0 (flat)  0 (hierarchical)
    Elapsed: 0.020s  Memory: 526.00M
"input" in: xor.drc:38
    Polygons (raw): 13 (flat)  1 (hierarchical)
    Elapsed: 0.020s  Memory: 526.00M
"^" in: xor.drc:38
    Polygons (raw): 13 (flat)  1 (hierarchical)
    Elapsed: 0.020s  Memory: 526.00M
XOR differences: 13
"output" in: xor.drc:41
    Polygons (raw): 13 (flat)  1 (hierarchical)
    Elapsed: 0.020s  Memory: 526.00M
--- Running XOR for 122/16 ---
"input" in: xor.drc:38
    Polygons (raw): 123 (flat)  19 (hierarchical)
    Elapsed: 0.020s  Memory: 526.00M
"input" in: xor.drc:38
    Polygons (raw): 123 (flat)  19 (hierarchical)
    Elapsed: 0.020s  Memory: 526.00M
"^" in: xor.drc:38
    Polygons (raw): 246 (flat)  246 (hierarchical)
    Elapsed: 0.020s  Memory: 526.00M
XOR differences: 246
"output" in: xor.drc:41
    Polygons (raw): 246 (flat)  246 (hierarchical)
    Elapsed: 0.020s  Memory: 526.00M
--- Running XOR for 13/0 ---
"input" in: xor.drc:38
    Polygons (raw): 0 (flat)  0 (hierarchical)
    Elapsed: 0.020s  Memory: 526.00M
"input" in: xor.drc:38
    Polygons (raw): 18 (flat)  6 (hierarchical)
    Elapsed: 0.020s  Memory: 526.00M
"^" in: xor.drc:38
    Polygons (raw): 18 (flat)  6 (hierarchical)
    Elapsed: 0.020s  Memory: 526.00M
XOR differences: 18
"output" in: xor.drc:41
    Polygons (raw): 18 (flat)  6 (hierarchical)
    Elapsed: 0.020s  Memory: 526.00M
--- Running XOR for 13/2 ---
"input" in: xor.drc:38
    Polygons (raw): 0 (flat)  0 (hierarchical)
    Elapsed: 0.020s  Memory: 526.00M
"input" in: xor.drc:38
    Polygons (raw): 5 (flat)  5 (hierarchical)
    Elapsed: 0.020s  Memory: 526.00M
"^" in: xor.drc:38
    Polygons (raw): 5 (flat)  5 (hierarchical)
    Elapsed: 0.020s  Memory: 526.00M
XOR differences: 5
"output" in: xor.drc:41
    Polygons (raw): 5 (flat)  5 (hierarchical)
    Elapsed: 0.020s  Memory: 526.00M
--- Running XOR for 14/0 ---
"input" in: xor.drc:38
    Polygons (raw): 0 (flat)  0 (hierarchical)
    Elapsed: 0.020s  Memory: 526.00M
"input" in: xor.drc:38
    Polygons (raw): 1 (flat)  1 (hierarchical)
    Elapsed: 0.020s  Memory: 526.00M
"^" in: xor.drc:38
    Polygons (raw): 1 (flat)  1 (hierarchical)
    Elapsed: 0.020s  Memory: 526.00M
XOR differences: 1
"output" in: xor.drc:41
    Polygons (raw): 1 (flat)  1 (hierarchical)
    Elapsed: 0.020s  Memory: 526.00M
--- Running XOR for 235/4 ---
"input" in: xor.drc:38
    Polygons (raw): 1 (flat)  1 (hierarchical)
    Elapsed: 0.020s  Memory: 526.00M
"input" in: xor.drc:38
    Polygons (raw): 0 (flat)  0 (hierarchical)
    Elapsed: 0.020s  Memory: 526.00M
"^" in: xor.drc:38
    Polygons (raw): 1 (flat)  1 (hierarchical)
    Elapsed: 0.020s  Memory: 526.00M
XOR differences: 1
"output" in: xor.drc:41
    Polygons (raw): 1 (flat)  1 (hierarchical)
    Elapsed: 0.020s  Memory: 526.00M
--- Running XOR for 236/0 ---
"input" in: xor.drc:38
    Polygons (raw): 105 (flat)  17 (hierarchical)
    Elapsed: 0.020s  Memory: 526.00M
"input" in: xor.drc:38
    Polygons (raw): 105 (flat)  17 (hierarchical)
    Elapsed: 0.020s  Memory: 526.00M
"^" in: xor.drc:38
    Polygons (raw): 210 (flat)  210 (hierarchical)
    Elapsed: 0.020s  Memory: 526.00M
XOR differences: 210
"output" in: xor.drc:41
    Polygons (raw): 210 (flat)  210 (hierarchical)
    Elapsed: 0.020s  Memory: 526.00M
--- Running XOR for 3/0 ---
"input" in: xor.drc:38
    Polygons (raw): 0 (flat)  0 (hierarchical)
    Elapsed: 0.020s  Memory: 526.00M
"input" in: xor.drc:38
    Polygons (raw): 92 (flat)  3 (hierarchical)
    Elapsed: 0.010s  Memory: 526.00M
"^" in: xor.drc:38
    Polygons (raw): 92 (flat)  3 (hierarchical)
    Elapsed: 0.020s  Memory: 526.00M
XOR differences: 92
"output" in: xor.drc:41
    Polygons (raw): 92 (flat)  3 (hierarchical)
    Elapsed: 0.020s  Memory: 526.00M
--- Running XOR for 4/0 ---
"input" in: xor.drc:38
    Polygons (raw): 0 (flat)  0 (hierarchical)
    Elapsed: 0.020s  Memory: 526.00M
"input" in: xor.drc:38
    Polygons (raw): 90 (flat)  1 (hierarchical)
    Elapsed: 0.020s  Memory: 526.00M
"^" in: xor.drc:38
    Polygons (raw): 90 (flat)  1 (hierarchical)
    Elapsed: 0.020s  Memory: 526.00M
XOR differences: 90
"output" in: xor.drc:41
    Polygons (raw): 90 (flat)  1 (hierarchical)
    Elapsed: 0.020s  Memory: 526.00M
--- Running XOR for 5/0 ---
"input" in: xor.drc:38
    Polygons (raw): 0 (flat)  0 (hierarchical)
    Elapsed: 0.020s  Memory: 526.00M
"input" in: xor.drc:38
    Polygons (raw): 347 (flat)  141 (hierarchical)
    Elapsed: 0.020s  Memory: 526.00M
"^" in: xor.drc:38
    Polygons (raw): 347 (flat)  141 (hierarchical)
    Elapsed: 0.020s  Memory: 526.00M
XOR differences: 347
"output" in: xor.drc:41
    Polygons (raw): 347 (flat)  141 (hierarchical)
    Elapsed: 0.020s  Memory: 526.00M
--- Running XOR for 6/0 ---
"input" in: xor.drc:38
    Polygons (raw): 0 (flat)  0 (hierarchical)
    Elapsed: 0.020s  Memory: 526.00M
"input" in: xor.drc:38
    Polygons (raw): 215 (flat)  5 (hierarchical)
    Elapsed: 0.020s  Memory: 526.00M
"^" in: xor.drc:38
    Polygons (raw): 215 (flat)  5 (hierarchical)
    Elapsed: 0.020s  Memory: 526.00M
XOR differences: 215
"output" in: xor.drc:41
    Polygons (raw): 215 (flat)  5 (hierarchical)
    Elapsed: 0.010s  Memory: 526.00M
--- Running XOR for 64/16 ---
"input" in: xor.drc:38
    Polygons (raw): 123 (flat)  19 (hierarchical)
    Elapsed: 0.030s  Memory: 526.00M
"input" in: xor.drc:38
    Polygons (raw): 123 (flat)  19 (hierarchical)
    Elapsed: 0.020s  Memory: 526.00M
"^" in: xor.drc:38
    Polygons (raw): 246 (flat)  246 (hierarchical)
    Elapsed: 0.010s  Memory: 526.00M
XOR differences: 246
"output" in: xor.drc:41
    Polygons (raw): 246 (flat)  246 (hierarchical)
    Elapsed: 0.030s  Memory: 526.00M
--- Running XOR for 64/20 ---
"input" in: xor.drc:38
    Polygons (raw): 130 (flat)  20 (hierarchical)
    Elapsed: 0.020s  Memory: 526.00M
"input" in: xor.drc:38
    Polygons (raw): 130 (flat)  20 (hierarchical)
    Elapsed: 0.010s  Memory: 526.00M
"^" in: xor.drc:38
    Polygons (raw): 260 (flat)  260 (hierarchical)
    Elapsed: 0.030s  Memory: 526.00M
XOR differences: 260
"output" in: xor.drc:41
    Polygons (raw): 260 (flat)  260 (hierarchical)
    Elapsed: 0.020s  Memory: 526.00M
--- Running XOR for 64/5 ---
"input" in: xor.drc:38
    Polygons (raw): 0 (flat)  0 (hierarchical)
    Elapsed: 0.010s  Memory: 526.00M
"input" in: xor.drc:38
    Polygons (raw): 0 (flat)  0 (hierarchical)
    Elapsed: 0.030s  Memory: 526.00M
"^" in: xor.drc:38
    Polygons (raw): 0 (flat)  0 (hierarchical)
    Elapsed: 0.010s  Memory: 526.00M
XOR differences: 0
"output" in: xor.drc:41
    Polygons (raw): 0 (flat)  0 (hierarchical)
    Elapsed: 0.020s  Memory: 526.00M
--- Running XOR for 64/59 ---
"input" in: xor.drc:38
    Polygons (raw): 0 (flat)  0 (hierarchical)
    Elapsed: 0.020s  Memory: 526.00M
"input" in: xor.drc:38
    Polygons (raw): 0 (flat)  0 (hierarchical)
    Elapsed: 0.010s  Memory: 526.00M
"^" in: xor.drc:38
    Polygons (raw): 0 (flat)  0 (hierarchical)
    Elapsed: 0.020s  Memory: 526.00M
XOR differences: 0
"output" in: xor.drc:41
    Polygons (raw): 0 (flat)  0 (hierarchical)
    Elapsed: 0.020s  Memory: 526.00M
--- Running XOR for 65/20 ---
"input" in: xor.drc:38
    Polygons (raw): 214 (flat)  37 (hierarchical)
    Elapsed: 0.020s  Memory: 526.00M
"input" in: xor.drc:38
    Polygons (raw): 214 (flat)  37 (hierarchical)
    Elapsed: 0.020s  Memory: 526.00M
"^" in: xor.drc:38
    Polygons (raw): 428 (flat)  428 (hierarchical)
    Elapsed: 0.020s  Memory: 526.00M
XOR differences: 428
"output" in: xor.drc:41
    Polygons (raw): 428 (flat)  428 (hierarchical)
    Elapsed: 0.020s  Memory: 526.00M
--- Running XOR for 65/44 ---
"input" in: xor.drc:38
    Polygons (raw): 14 (flat)  2 (hierarchical)
    Elapsed: 0.020s  Memory: 526.00M
"input" in: xor.drc:38
    Polygons (raw): 14 (flat)  2 (hierarchical)
    Elapsed: 0.020s  Memory: 526.00M
"^" in: xor.drc:38
    Polygons (raw): 28 (flat)  28 (hierarchical)
    Elapsed: 0.020s  Memory: 526.00M
XOR differences: 28
"output" in: xor.drc:41
    Polygons (raw): 28 (flat)  28 (hierarchical)
    Elapsed: 0.020s  Memory: 526.00M
--- Running XOR for 66/20 ---
"input" in: xor.drc:38
    Polygons (raw): 233 (flat)  54 (hierarchical)
    Elapsed: 0.020s  Memory: 526.00M
"input" in: xor.drc:38
    Polygons (raw): 233 (flat)  54 (hierarchical)
    Elapsed: 0.020s  Memory: 526.00M
"^" in: xor.drc:38
    Polygons (raw): 466 (flat)  466 (hierarchical)
    Elapsed: 0.020s  Memory: 526.00M
XOR differences: 466
"output" in: xor.drc:41
    Polygons (raw): 466 (flat)  466 (hierarchical)
    Elapsed: 0.020s  Memory: 526.00M
--- Running XOR for 66/44 ---
"input" in: xor.drc:38
    Polygons (raw): 1208 (flat)  270 (hierarchical)
    Elapsed: 0.020s  Memory: 526.00M
"input" in: xor.drc:38
    Polygons (raw): 1208 (flat)  270 (hierarchical)
    Elapsed: 0.020s  Memory: 526.00M
"^" in: xor.drc:38
    Polygons (raw): 2416 (flat)  2416 (hierarchical)
    Elapsed: 0.030s  Memory: 526.00M
XOR differences: 2416
"output" in: xor.drc:41
    Polygons (raw): 2416 (flat)  2416 (hierarchical)
    Elapsed: 0.020s  Memory: 527.00M
--- Running XOR for 67/16 ---
"input" in: xor.drc:38
    Polygons (raw): 197 (flat)  97 (hierarchical)
    Elapsed: 0.020s  Memory: 527.00M
"input" in: xor.drc:38
    Polygons (raw): 197 (flat)  97 (hierarchical)
    Elapsed: 0.020s  Memory: 527.00M
"^" in: xor.drc:38
    Polygons (raw): 394 (flat)  394 (hierarchical)
    Elapsed: 0.020s  Memory: 527.00M
XOR differences: 394
"output" in: xor.drc:41
    Polygons (raw): 394 (flat)  394 (hierarchical)
    Elapsed: 0.020s  Memory: 527.00M
--- Running XOR for 67/20 ---
"input" in: xor.drc:38
    Polygons (raw): 481 (flat)  191 (hierarchical)
    Elapsed: 0.020s  Memory: 527.00M
"input" in: xor.drc:38
    Polygons (raw): 393 (flat)  103 (hierarchical)
    Elapsed: 0.020s  Memory: 527.00M
"^" in: xor.drc:38
    Polygons (raw): 874 (flat)  874 (hierarchical)
    Elapsed: 0.020s  Memory: 527.00M
XOR differences: 874
"output" in: xor.drc:41
    Polygons (raw): 874 (flat)  874 (hierarchical)
    Elapsed: 0.020s  Memory: 527.00M
--- Running XOR for 67/44 ---
"input" in: xor.drc:38
    Polygons (raw): 1290 (flat)  294 (hierarchical)
    Elapsed: 0.020s  Memory: 527.00M
"input" in: xor.drc:38
    Polygons (raw): 1200 (flat)  204 (hierarchical)
    Elapsed: 0.010s  Memory: 527.00M
"^" in: xor.drc:38
    Polygons (raw): 2490 (flat)  2490 (hierarchical)
    Elapsed: 0.030s  Memory: 527.00M
XOR differences: 2490
"output" in: xor.drc:41
    Polygons (raw): 2490 (flat)  2490 (hierarchical)
    Elapsed: 0.010s  Memory: 528.00M
--- Running XOR for 67/5 ---
"input" in: xor.drc:38
    Polygons (raw): 0 (flat)  0 (hierarchical)
    Elapsed: 0.010s  Memory: 528.00M
"input" in: xor.drc:38
    Polygons (raw): 0 (flat)  0 (hierarchical)
    Elapsed: 0.020s  Memory: 528.00M
"^" in: xor.drc:38
    Polygons (raw): 0 (flat)  0 (hierarchical)
    Elapsed: 0.020s  Memory: 528.00M
XOR differences: 0
"output" in: xor.drc:41
    Polygons (raw): 0 (flat)  0 (hierarchical)
    Elapsed: 0.020s  Memory: 528.00M
--- Running XOR for 68/16 ---
"input" in: xor.drc:38
    Polygons (raw): 270 (flat)  42 (hierarchical)
    Elapsed: 0.020s  Memory: 528.00M
"input" in: xor.drc:38
    Polygons (raw): 270 (flat)  42 (hierarchical)
    Elapsed: 0.020s  Memory: 528.00M
"^" in: xor.drc:38
    Polygons (raw): 540 (flat)  540 (hierarchical)
    Elapsed: 0.020s  Memory: 528.00M
XOR differences: 540
"output" in: xor.drc:41
    Polygons (raw): 540 (flat)  540 (hierarchical)
    Elapsed: 0.020s  Memory: 528.00M
--- Running XOR for 68/20 ---
"input" in: xor.drc:38
    Polygons (raw): 684 (flat)  464 (hierarchical)
    Elapsed: 0.020s  Memory: 528.00M
"input" in: xor.drc:38
    Polygons (raw): 260 (flat)  40 (hierarchical)
    Elapsed: 0.020s  Memory: 528.00M
"^" in: xor.drc:38
    Polygons (raw): 944 (flat)  944 (hierarchical)
    Elapsed: 0.020s  Memory: 528.00M
XOR differences: 944
"output" in: xor.drc:41
    Polygons (raw): 944 (flat)  944 (hierarchical)
    Elapsed: 0.020s  Memory: 528.00M
--- Running XOR for 68/44 ---
"input" in: xor.drc:38
    Polygons (raw): 215 (flat)  215 (hierarchical)
    Elapsed: 0.020s  Memory: 528.00M
"input" in: xor.drc:38
    Polygons (raw): 0 (flat)  0 (hierarchical)
    Elapsed: 0.020s  Memory: 528.00M
"^" in: xor.drc:38
    Polygons (raw): 215 (flat)  215 (hierarchical)
    Elapsed: 0.020s  Memory: 528.00M
XOR differences: 215
"output" in: xor.drc:41
    Polygons (raw): 215 (flat)  215 (hierarchical)
    Elapsed: 0.020s  Memory: 528.00M
--- Running XOR for 68/5 ---
"input" in: xor.drc:38
    Polygons (raw): 0 (flat)  0 (hierarchical)
    Elapsed: 0.020s  Memory: 528.00M
"input" in: xor.drc:38
    Polygons (raw): 0 (flat)  0 (hierarchical)
    Elapsed: 0.020s  Memory: 528.00M
"^" in: xor.drc:38
    Polygons (raw): 0 (flat)  0 (hierarchical)
    Elapsed: 0.020s  Memory: 528.00M
XOR differences: 0
"output" in: xor.drc:41
    Polygons (raw): 0 (flat)  0 (hierarchical)
    Elapsed: 0.020s  Memory: 528.00M
--- Running XOR for 69/16 ---
"input" in: xor.drc:38
    Polygons (raw): 8 (flat)  8 (hierarchical)
    Elapsed: 0.020s  Memory: 528.00M
"input" in: xor.drc:38
    Polygons (raw): 0 (flat)  0 (hierarchical)
    Elapsed: 0.020s  Memory: 528.00M
"^" in: xor.drc:38
    Polygons (raw): 8 (flat)  8 (hierarchical)
    Elapsed: 0.020s  Memory: 528.00M
XOR differences: 8
"output" in: xor.drc:41
    Polygons (raw): 8 (flat)  8 (hierarchical)
    Elapsed: 0.020s  Memory: 528.00M
--- Running XOR for 69/20 ---
"input" in: xor.drc:38
    Polygons (raw): 205 (flat)  205 (hierarchical)
    Elapsed: 0.020s  Memory: 528.00M
"input" in: xor.drc:38
    Polygons (raw): 0 (flat)  0 (hierarchical)
    Elapsed: 0.010s  Memory: 528.00M
"^" in: xor.drc:38
    Polygons (raw): 205 (flat)  205 (hierarchical)
    Elapsed: 0.030s  Memory: 528.00M
XOR differences: 205
"output" in: xor.drc:41
    Polygons (raw): 205 (flat)  205 (hierarchical)
    Elapsed: 0.010s  Memory: 528.00M
--- Running XOR for 69/44 ---
"input" in: xor.drc:38
    Polygons (raw): 134 (flat)  134 (hierarchical)
    Elapsed: 0.010s  Memory: 528.00M
"input" in: xor.drc:38
    Polygons (raw): 0 (flat)  0 (hierarchical)
    Elapsed: 0.020s  Memory: 528.00M
"^" in: xor.drc:38
    Polygons (raw): 134 (flat)  134 (hierarchical)
    Elapsed: 0.020s  Memory: 528.00M
XOR differences: 134
"output" in: xor.drc:41
    Polygons (raw): 134 (flat)  134 (hierarchical)
    Elapsed: 0.010s  Memory: 528.00M
--- Running XOR for 69/5 ---
"input" in: xor.drc:38
    Polygons (raw): 0 (flat)  0 (hierarchical)
    Elapsed: 0.030s  Memory: 528.00M
"input" in: xor.drc:38
    Polygons (raw): 0 (flat)  0 (hierarchical)
    Elapsed: 0.020s  Memory: 528.00M
"^" in: xor.drc:38
    Polygons (raw): 0 (flat)  0 (hierarchical)
    Elapsed: 0.020s  Memory: 528.00M
XOR differences: 0
"output" in: xor.drc:41
    Polygons (raw): 0 (flat)  0 (hierarchical)
    Elapsed: 0.020s  Memory: 528.00M
--- Running XOR for 7/0 ---
"input" in: xor.drc:38
    Polygons (raw): 0 (flat)  0 (hierarchical)
    Elapsed: 0.020s  Memory: 528.00M
"input" in: xor.drc:38
    Polygons (raw): 229 (flat)  76 (hierarchical)
    Elapsed: 0.020s  Memory: 528.00M
"^" in: xor.drc:38
    Polygons (raw): 229 (flat)  76 (hierarchical)
    Elapsed: 0.010s  Memory: 528.00M
XOR differences: 229
"output" in: xor.drc:41
    Polygons (raw): 229 (flat)  76 (hierarchical)
    Elapsed: 0.020s  Memory: 528.00M
--- Running XOR for 7/2 ---
"input" in: xor.drc:38
    Polygons (raw): 0 (flat)  0 (hierarchical)
    Elapsed: 0.020s  Memory: 528.00M
"input" in: xor.drc:38
    Polygons (raw): 8 (flat)  8 (hierarchical)
    Elapsed: 0.020s  Memory: 528.00M
"^" in: xor.drc:38
    Polygons (raw): 8 (flat)  8 (hierarchical)
    Elapsed: 0.020s  Memory: 528.00M
XOR differences: 8
"output" in: xor.drc:41
    Polygons (raw): 8 (flat)  8 (hierarchical)
    Elapsed: 0.020s  Memory: 528.00M
--- Running XOR for 70/16 ---
"input" in: xor.drc:38
    Polygons (raw): 6 (flat)  6 (hierarchical)
    Elapsed: 0.020s  Memory: 528.00M
"input" in: xor.drc:38
    Polygons (raw): 0 (flat)  0 (hierarchical)
    Elapsed: 0.020s  Memory: 528.00M
"^" in: xor.drc:38
    Polygons (raw): 6 (flat)  6 (hierarchical)
    Elapsed: 0.020s  Memory: 528.00M
XOR differences: 6
"output" in: xor.drc:41
    Polygons (raw): 6 (flat)  6 (hierarchical)
    Elapsed: 0.020s  Memory: 528.00M
--- Running XOR for 70/20 ---
"input" in: xor.drc:38
    Polygons (raw): 62 (flat)  62 (hierarchical)
    Elapsed: 0.020s  Memory: 528.00M
"input" in: xor.drc:38
    Polygons (raw): 0 (flat)  0 (hierarchical)
    Elapsed: 0.020s  Memory: 528.00M
"^" in: xor.drc:38
    Polygons (raw): 62 (flat)  62 (hierarchical)
    Elapsed: 0.010s  Memory: 528.00M
XOR differences: 62
"output" in: xor.drc:41
    Polygons (raw): 62 (flat)  62 (hierarchical)
    Elapsed: 0.020s  Memory: 528.00M
--- Running XOR for 70/44 ---
"input" in: xor.drc:38
    Polygons (raw): 128 (flat)  128 (hierarchical)
    Elapsed: 0.020s  Memory: 528.00M
"input" in: xor.drc:38
    Polygons (raw): 0 (flat)  0 (hierarchical)
    Elapsed: 0.020s  Memory: 528.00M
"^" in: xor.drc:38
    Polygons (raw): 128 (flat)  128 (hierarchical)
    Elapsed: 0.020s  Memory: 528.00M
XOR differences: 128
"output" in: xor.drc:41
    Polygons (raw): 128 (flat)  128 (hierarchical)
    Elapsed: 0.020s  Memory: 528.00M
--- Running XOR for 70/5 ---
"input" in: xor.drc:38
    Polygons (raw): 0 (flat)  0 (hierarchical)
    Elapsed: 0.020s  Memory: 528.00M
"input" in: xor.drc:38
    Polygons (raw): 0 (flat)  0 (hierarchical)
    Elapsed: 0.020s  Memory: 528.00M
"^" in: xor.drc:38
    Polygons (raw): 0 (flat)  0 (hierarchical)
    Elapsed: 0.020s  Memory: 528.00M
XOR differences: 0
"output" in: xor.drc:41
    Polygons (raw): 0 (flat)  0 (hierarchical)
    Elapsed: 0.020s  Memory: 528.00M
--- Running XOR for 71/20 ---
"input" in: xor.drc:38
    Polygons (raw): 5 (flat)  5 (hierarchical)
    Elapsed: 0.020s  Memory: 528.00M
"input" in: xor.drc:38
    Polygons (raw): 0 (flat)  0 (hierarchical)
    Elapsed: 0.020s  Memory: 528.00M
"^" in: xor.drc:38
    Polygons (raw): 5 (flat)  5 (hierarchical)
    Elapsed: 0.020s  Memory: 528.00M
XOR differences: 5
"output" in: xor.drc:41
    Polygons (raw): 5 (flat)  5 (hierarchical)
    Elapsed: 0.020s  Memory: 528.00M
--- Running XOR for 71/44 ---
"input" in: xor.drc:38
    Polygons (raw): 13 (flat)  13 (hierarchical)
    Elapsed: 0.020s  Memory: 528.00M
"input" in: xor.drc:38
    Polygons (raw): 0 (flat)  0 (hierarchical)
    Elapsed: 0.020s  Memory: 528.00M
"^" in: xor.drc:38
    Polygons (raw): 13 (flat)  13 (hierarchical)
    Elapsed: 0.020s  Memory: 528.00M
XOR differences: 13
"output" in: xor.drc:41
    Polygons (raw): 13 (flat)  13 (hierarchical)
    Elapsed: 0.010s  Memory: 528.00M
--- Running XOR for 72/16 ---
"input" in: xor.drc:38
    Polygons (raw): 2 (flat)  2 (hierarchical)
    Elapsed: 0.010s  Memory: 528.00M
"input" in: xor.drc:38
    Polygons (raw): 0 (flat)  0 (hierarchical)
    Elapsed: 0.020s  Memory: 528.00M
"^" in: xor.drc:38
    Polygons (raw): 2 (flat)  2 (hierarchical)
    Elapsed: 0.030s  Memory: 528.00M
XOR differences: 2
"output" in: xor.drc:41
    Polygons (raw): 2 (flat)  2 (hierarchical)
    Elapsed: 0.010s  Memory: 528.00M
--- Running XOR for 72/20 ---
"input" in: xor.drc:38
    Polygons (raw): 5 (flat)  5 (hierarchical)
    Elapsed: 0.020s  Memory: 528.00M
"input" in: xor.drc:38
    Polygons (raw): 0 (flat)  0 (hierarchical)
    Elapsed: 0.020s  Memory: 528.00M
"^" in: xor.drc:38
    Polygons (raw): 5 (flat)  5 (hierarchical)
    Elapsed: 0.020s  Memory: 528.00M
XOR differences: 5
"output" in: xor.drc:41
    Polygons (raw): 5 (flat)  5 (hierarchical)
    Elapsed: 0.020s  Memory: 528.00M
--- Running XOR for 72/5 ---
"input" in: xor.drc:38
    Polygons (raw): 0 (flat)  0 (hierarchical)
    Elapsed: 0.020s  Memory: 528.00M
"input" in: xor.drc:38
    Polygons (raw): 0 (flat)  0 (hierarchical)
    Elapsed: 0.020s  Memory: 528.00M
"^" in: xor.drc:38
    Polygons (raw): 0 (flat)  0 (hierarchical)
    Elapsed: 0.020s  Memory: 528.00M
XOR differences: 0
"output" in: xor.drc:41
    Polygons (raw): 0 (flat)  0 (hierarchical)
    Elapsed: 0.020s  Memory: 528.00M
--- Running XOR for 78/44 ---
"input" in: xor.drc:38
    Polygons (raw): 140 (flat)  22 (hierarchical)
    Elapsed: 0.020s  Memory: 528.00M
"input" in: xor.drc:38
    Polygons (raw): 140 (flat)  22 (hierarchical)
    Elapsed: 0.020s  Memory: 528.00M
"^" in: xor.drc:38
    Polygons (raw): 280 (flat)  280 (hierarchical)
    Elapsed: 0.020s  Memory: 528.00M
XOR differences: 280
"output" in: xor.drc:41
    Polygons (raw): 280 (flat)  280 (hierarchical)
    Elapsed: 0.020s  Memory: 528.00M
--- Running XOR for 8/0 ---
"input" in: xor.drc:38
    Polygons (raw): 0 (flat)  0 (hierarchical)
    Elapsed: 0.020s  Memory: 529.00M
"input" in: xor.drc:38
    Polygons (raw): 134 (flat)  5 (hierarchical)
    Elapsed: 0.020s  Memory: 529.00M
"^" in: xor.drc:38
    Polygons (raw): 134 (flat)  5 (hierarchical)
    Elapsed: 0.020s  Memory: 529.00M
XOR differences: 134
"output" in: xor.drc:41
    Polygons (raw): 134 (flat)  5 (hierarchical)
    Elapsed: 0.020s  Memory: 529.00M
--- Running XOR for 81/4 ---
"input" in: xor.drc:38
    Polygons (raw): 130 (flat)  20 (hierarchical)
    Elapsed: 0.020s  Memory: 529.00M
"input" in: xor.drc:38
    Polygons (raw): 130 (flat)  20 (hierarchical)
    Elapsed: 0.020s  Memory: 529.00M
"^" in: xor.drc:38
    Polygons (raw): 260 (flat)  260 (hierarchical)
    Elapsed: 0.020s  Memory: 529.00M
XOR differences: 260
"output" in: xor.drc:41
    Polygons (raw): 260 (flat)  260 (hierarchical)
    Elapsed: 0.020s  Memory: 529.00M
--- Running XOR for 83/44 ---
"input" in: xor.drc:38
    Polygons (raw): 0 (flat)  0 (hierarchical)
    Elapsed: 0.020s  Memory: 529.00M
"input" in: xor.drc:38
    Polygons (raw): 0 (flat)  0 (hierarchical)
    Elapsed: 0.020s  Memory: 529.00M
"^" in: xor.drc:38
    Polygons (raw): 0 (flat)  0 (hierarchical)
    Elapsed: 0.020s  Memory: 529.00M
XOR differences: 0
"output" in: xor.drc:41
    Polygons (raw): 0 (flat)  0 (hierarchical)
    Elapsed: 0.020s  Memory: 529.00M
--- Running XOR for 9/0 ---
"input" in: xor.drc:38
    Polygons (raw): 0 (flat)  0 (hierarchical)
    Elapsed: 0.020s  Memory: 529.00M
"input" in: xor.drc:38
    Polygons (raw): 76 (flat)  9 (hierarchical)
    Elapsed: 0.020s  Memory: 529.00M
"^" in: xor.drc:38
    Polygons (raw): 76 (flat)  9 (hierarchical)
    Elapsed: 0.020s  Memory: 529.00M
XOR differences: 76
"output" in: xor.drc:41
    Polygons (raw): 76 (flat)  9 (hierarchical)
    Elapsed: 0.020s  Memory: 529.00M
--- Running XOR for 9/2 ---
"input" in: xor.drc:38
    Polygons (raw): 0 (flat)  0 (hierarchical)
    Elapsed: 0.020s  Memory: 529.00M
"input" in: xor.drc:38
    Polygons (raw): 6 (flat)  6 (hierarchical)
    Elapsed: 0.020s  Memory: 529.00M
"^" in: xor.drc:38
    Polygons (raw): 6 (flat)  6 (hierarchical)
    Elapsed: 0.020s  Memory: 529.00M
XOR differences: 6
"output" in: xor.drc:41
    Polygons (raw): 6 (flat)  6 (hierarchical)
    Elapsed: 0.020s  Memory: 529.00M
--- Running XOR for 93/44 ---
"input" in: xor.drc:38
    Polygons (raw): 137 (flat)  21 (hierarchical)
    Elapsed: 0.020s  Memory: 529.00M
"input" in: xor.drc:38
    Polygons (raw): 137 (flat)  21 (hierarchical)
    Elapsed: 0.020s  Memory: 529.00M
"^" in: xor.drc:38
    Polygons (raw): 274 (flat)  274 (hierarchical)
    Elapsed: 0.020s  Memory: 529.00M
XOR differences: 274
"output" in: xor.drc:41
    Polygons (raw): 274 (flat)  274 (hierarchical)
    Elapsed: 0.020s  Memory: 529.00M
--- Running XOR for 94/20 ---
"input" in: xor.drc:38
    Polygons (raw): 137 (flat)  21 (hierarchical)
    Elapsed: 0.020s  Memory: 529.00M
"input" in: xor.drc:38
    Polygons (raw): 137 (flat)  21 (hierarchical)
    Elapsed: 0.010s  Memory: 529.00M
"^" in: xor.drc:38
    Polygons (raw): 274 (flat)  274 (hierarchical)
    Elapsed: 0.030s  Memory: 529.00M
XOR differences: 274
"output" in: xor.drc:41
    Polygons (raw): 274 (flat)  274 (hierarchical)
    Elapsed: 0.020s  Memory: 529.00M
--- Running XOR for 95/20 ---
"input" in: xor.drc:38
    Polygons (raw): 107 (flat)  18 (hierarchical)
    Elapsed: 0.010s  Memory: 529.00M
"input" in: xor.drc:38
    Polygons (raw): 107 (flat)  18 (hierarchical)
    Elapsed: 0.030s  Memory: 529.00M
"^" in: xor.drc:38
    Polygons (raw): 214 (flat)  214 (hierarchical)
    Elapsed: 0.020s  Memory: 529.00M
XOR differences: 214
"output" in: xor.drc:41
    Polygons (raw): 214 (flat)  214 (hierarchical)
    Elapsed: 0.010s  Memory: 529.00M
Writing layout file: /openLANE_flow/designs/priority_encoder/runs/enc/results/klayout/priority_encoder.xor.gds ..
Total elapsed: 4.270s  Memory: 529.00M
