Fri Aug 13 15:08:24 UTC 2021 - Executing "openroad -python /openLANE_flow/scripts/extract_metal_layers.py -t /home/khalique/openlane/OpenLane/pdks/sky130A/libs.ref/sky130_fd_sc_hd/techlef/sky130_fd_sc_hd.tlef -o /openLANE_flow/designs/priority_encoder/runs/enc/tmp/met_layers_list.txt"

Fri Aug 13 15:08:31 UTC 2021 - Executing "/openLANE_flow/scripts/mergeLef.py -i /home/khalique/openlane/OpenLane/pdks/sky130A/libs.ref/sky130_fd_sc_hd/techlef/sky130_fd_sc_hd.tlef {/home/khalique/openlane/OpenLane/pdks/sky130A/libs.ref/sky130_fd_sc_hd/lef/sky130_fd_sc_hd.lef /home/khalique/openlane/OpenLane/pdks/sky130A/libs.ref/sky130_fd_sc_hd/lef/sky130_ef_sc_hd__fill_12.lef /home/khalique/openlane/OpenLane/pdks/sky130A/libs.ref/sky130_fd_sc_hd/lef/sky130_ef_sc_hd__decap_12.lef /home/khalique/openlane/OpenLane/pdks/sky130A/libs.ref/sky130_fd_sc_hd/lef/sky130_ef_sc_hd__fill_8.lef /home/khalique/openlane/OpenLane/pdks/sky130A/libs.ref/sky130_fd_sc_hd/lef/sky130_ef_sc_hd__fakediode_2.lef} -o /openLANE_flow/designs/priority_encoder/runs/enc/tmp/merged_unpadded.lef |& tee >&@stdout"

Fri Aug 13 15:08:32 UTC 2021 - Executing "/openLANE_flow/scripts/libtrim.pl /home/khalique/openlane/OpenLane/pdks/sky130A/libs.ref/sky130_fd_sc_hd/lib/sky130_fd_sc_hd__tt_025C_1v80.lib /openLANE_flow/designs/priority_encoder/runs/enc/tmp/trimmed.lib.exclude.list > /openLANE_flow/designs/priority_encoder/runs/enc/tmp/trimmed.lib"

Fri Aug 13 15:08:32 UTC 2021 - Executing "openroad -python /openLANE_flow/scripts/new_tracks.py -i /home/khalique/openlane/OpenLane/pdks/sky130A/libs.tech/openlane/sky130_fd_sc_hd/tracks.info -o /openLANE_flow/designs/priority_encoder/runs/enc/tmp/config.tracks"

Fri Aug 13 15:08:38 UTC 2021 - Executing "echo {openlane 2021.08.02_05.21.44-7-g71bf5bd} > /openLANE_flow/designs/priority_encoder/runs/enc/OPENLANE_VERSION"

Fri Aug 13 15:08:38 UTC 2021 - Executing "sed -E {s/^([[:space:]]+)pg_pin(.*)/\1pin\2\n\1    direction : "inout";/g} /home/khalique/openlane/OpenLane/pdks/sky130A/libs.ref/sky130_fd_sc_hd/lib/sky130_fd_sc_hd__tt_025C_1v80.lib > /openLANE_flow/designs/priority_encoder/runs/enc/tmp/sky130_fd_sc_hd__tt_025C_1v80.no_pg.lib"

Fri Aug 13 15:08:38 UTC 2021 - Executing "yosys -c /openLANE_flow/scripts/synth.tcl -l /openLANE_flow/designs/priority_encoder/runs/enc/logs/synthesis/1-yosys.log |& tee >&@stdout"

Fri Aug 13 15:08:40 UTC 2021 - Executing "sed -i -e {s/\(set ::env(CURRENT_NETLIST)\).*/\1 \/openLANE_flow\/designs\/priority_encoder\/runs\/enc\/results\/synthesis\/priority_encoder.synthesis.v/} /openLANE_flow/designs/priority_encoder/runs/enc/config.tcl"

Fri Aug 13 15:08:40 UTC 2021 - Executing "sed -i -e {s/\(set ::env(PREV_NETLIST)\).*/\1 0/} /openLANE_flow/designs/priority_encoder/runs/enc/config.tcl"

Fri Aug 13 15:08:40 UTC 2021 - Executing "sed -i /defparam/d /openLANE_flow/designs/priority_encoder/runs/enc/results/synthesis/priority_encoder.synthesis.v"

Fri Aug 13 15:08:40 UTC 2021 - Executing "openroad -exit /openLANE_flow/scripts/sta.tcl |& tee >&@stdout /openLANE_flow/designs/priority_encoder/runs/enc/logs/synthesis/2-opensta"

Fri Aug 13 15:08:47 UTC 2021 - Executing "openroad -exit /openLANE_flow/scripts/openroad/or_floorplan.tcl |& tee >&@stdout /openLANE_flow/designs/priority_encoder/runs/enc/logs/floorplan/3-verilog2def.openroad.log"

Fri Aug 13 15:08:54 UTC 2021 - Executing "openroad -exit /openLANE_flow/scripts/openroad/or_ioplacer.tcl |& tee >&@stdout /openLANE_flow/designs/priority_encoder/runs/enc/logs/floorplan/4-ioPlacer.log"

Fri Aug 13 15:08:59 UTC 2021 - Executing "openroad -exit /openLANE_flow/scripts/openroad/or_tapcell.tcl |& tee >&@stdout /openLANE_flow/designs/priority_encoder/runs/enc/logs/floorplan/5-tapcell.log"

Fri Aug 13 15:09:04 UTC 2021 - Executing "openroad -exit /openLANE_flow/scripts/openroad/or_pdn.tcl |& tee >&@stdout /openLANE_flow/designs/priority_encoder/runs/enc/logs/floorplan/6-pdn.log"

Fri Aug 13 15:09:10 UTC 2021 - Executing "openroad -exit /openLANE_flow/scripts/openroad/or_replace.tcl |& tee >&@stdout /openLANE_flow/designs/priority_encoder/runs/enc/logs/placement/7-replace.log"

Fri Aug 13 15:09:18 UTC 2021 - Executing "openroad -exit /openLANE_flow/scripts/openroad/or_resizer.tcl |& tee >&@stdout /openLANE_flow/designs/priority_encoder/runs/enc/logs/placement/7-resizer.log"

Fri Aug 13 15:09:24 UTC 2021 - Executing "openroad -exit /openLANE_flow/scripts/openroad/or_write_verilog.tcl |& tee >&@stdout /openLANE_flow/designs/priority_encoder/runs/enc/logs/8-write_verilog.log"

Fri Aug 13 15:09:29 UTC 2021 - Executing "sed -i -e {s/\(set ::env(CURRENT_NETLIST)\).*/\1 \/openLANE_flow\/designs\/priority_encoder\/runs\/enc\/results\/synthesis\/priority_encoder.synthesis_optimized.v/} /openLANE_flow/designs/priority_encoder/runs/enc/config.tcl"

Fri Aug 13 15:09:29 UTC 2021 - Executing "sed -i -e {s/\(set ::env(PREV_NETLIST)\).*/\1 \/openLANE_flow\/designs\/priority_encoder\/runs\/enc\/results\/synthesis\/priority_encoder.synthesis.v/} /openLANE_flow/designs/priority_encoder/runs/enc/config.tcl"

Fri Aug 13 15:09:29 UTC 2021 - Executing "openroad -exit /openLANE_flow/scripts/sta.tcl |& tee >&@stdout /openLANE_flow/designs/priority_encoder/runs/enc/logs/synthesis/9-opensta_post_resizer"

Fri Aug 13 15:09:37 UTC 2021 - Executing "openroad -exit /openLANE_flow/scripts/openroad/or_opendp.tcl |& tee >&@stdout /openLANE_flow/designs/priority_encoder/runs/enc/logs/placement/10-opendp.log"

Fri Aug 13 15:09:42 UTC 2021 - Executing "openroad -exit /openLANE_flow/scripts/openroad/or_resizer_timing.tcl |& tee >&@stdout /openLANE_flow/designs/priority_encoder/runs/enc/logs/placement/11-resizer_timing.log"

Fri Aug 13 15:09:48 UTC 2021 - Executing "openroad -exit /openLANE_flow/scripts/openroad/or_write_verilog.tcl |& tee >&@stdout /openLANE_flow/designs/priority_encoder/runs/enc/logs/12-write_verilog.log"

Fri Aug 13 15:09:53 UTC 2021 - Executing "sed -i -e {s/\(set ::env(CURRENT_NETLIST)\).*/\1 \/openLANE_flow\/designs\/priority_encoder\/runs\/enc\/results\/synthesis\/priority_encoder.synthesis_optimized.v/} /openLANE_flow/designs/priority_encoder/runs/enc/config.tcl"

Fri Aug 13 15:09:53 UTC 2021 - Executing "sed -i -e {s/\(set ::env(PREV_NETLIST)\).*/\1 \/openLANE_flow\/designs\/priority_encoder\/runs\/enc\/results\/synthesis\/priority_encoder.synthesis_optimized.v/} /openLANE_flow/designs/priority_encoder/runs/enc/config.tcl"

Fri Aug 13 15:09:53 UTC 2021 - Executing "openroad -exit /openLANE_flow/scripts/sta.tcl |& tee >&@stdout /openLANE_flow/designs/priority_encoder/runs/enc/logs/synthesis/13-opensta_post_resizer_timing"

Fri Aug 13 15:10:00 UTC 2021 - Executing "openroad -exit /openLANE_flow/scripts/openroad/or_groute.tcl |& tee >&@stdout /openLANE_flow/designs/priority_encoder/runs/enc/logs/routing/14-fastroute.log"

Fri Aug 13 15:10:08 UTC 2021 - Executing "openroad -exit /openLANE_flow/scripts/openroad/or_fill.tcl |& tee >&@stdout /openLANE_flow/designs/priority_encoder/runs/enc/logs/routing/15-addspacers.log"

Fri Aug 13 15:10:14 UTC 2021 - Executing "openroad -exit /openLANE_flow/scripts/openroad/or_write_verilog.tcl |& tee >&@stdout /openLANE_flow/designs/priority_encoder/runs/enc/logs/16-write_verilog.log"

Fri Aug 13 15:10:19 UTC 2021 - Executing "sed -i -e {s/\(set ::env(CURRENT_NETLIST)\).*/\1 \/openLANE_flow\/designs\/priority_encoder\/runs\/enc\/results\/synthesis\/priority_encoder.synthesis_preroute.v/} /openLANE_flow/designs/priority_encoder/runs/enc/config.tcl"

Fri Aug 13 15:10:19 UTC 2021 - Executing "sed -i -e {s/\(set ::env(PREV_NETLIST)\).*/\1 \/openLANE_flow\/designs\/priority_encoder\/runs\/enc\/results\/synthesis\/priority_encoder.synthesis_optimized.v/} /openLANE_flow/designs/priority_encoder/runs/enc/config.tcl"

Fri Aug 13 15:10:19 UTC 2021 - Executing "envsubst < /openLANE_flow/scripts/tritonRoute.param > /openLANE_flow/designs/priority_encoder/runs/enc/tmp/routing/17-tritonRoute.param"

Fri Aug 13 15:10:19 UTC 2021 - Executing "openroad -exit /openLANE_flow/scripts/openroad/or_droute.tcl |& tee >&@stdout /openLANE_flow/designs/priority_encoder/runs/enc/logs/routing/17-tritonRoute.log"

Fri Aug 13 15:10:27 UTC 2021 - Executing "openroad -python /openLANE_flow/scripts/tr2klayout.py -i /openLANE_flow/designs/priority_encoder/runs/enc/reports/routing/17-tritonRoute.drc -o /openLANE_flow/designs/priority_encoder/runs/enc/reports/routing/17-tritonRoute.klayout.xml --design-name priority_encoder"

Fri Aug 13 15:10:33 UTC 2021 - Executing "openroad -python /openLANE_flow/scripts/spef_extractor/main.py -l /openLANE_flow/designs/priority_encoder/runs/enc/tmp/merged_unpadded.lef -d /openLANE_flow/designs/priority_encoder/runs/enc/results/routing/16-priority_encoder.def -mw L -ec 1 |& tee >&@stdout /openLANE_flow/designs/priority_encoder/runs/enc/logs/routing/18-spef_extraction.log"

Fri Aug 13 15:10:39 UTC 2021 - Executing "openroad -exit /openLANE_flow/scripts/sta.tcl |& tee >&@stdout /openLANE_flow/designs/priority_encoder/runs/enc/logs/synthesis/19-opensta_spef"

Fri Aug 13 15:10:46 UTC 2021 - Executing "openroad -python /openLANE_flow/scripts/write_powered_def.py -d /openLANE_flow/designs/priority_encoder/runs/enc/results/routing/16-priority_encoder.def -l /openLANE_flow/designs/priority_encoder/runs/enc/tmp/merged.lef --power-port VPWR --ground-port VGND --powered-netlist {} -o /openLANE_flow/designs/priority_encoder/runs/enc/tmp/routing/20-priority_encoder.powered.def |& tee >&@stdout /openLANE_flow/designs/priority_encoder/runs/enc/logs/lvs/20-write_powered_verilog.log"

Fri Aug 13 15:10:52 UTC 2021 - Executing "openroad -exit /openLANE_flow/scripts/openroad/or_write_verilog.tcl |& tee >&@stdout /openLANE_flow/designs/priority_encoder/runs/enc/logs/21-write_verilog.log"

Fri Aug 13 15:10:57 UTC 2021 - Executing "sed -i -e {s/\(set ::env(CURRENT_NETLIST)\).*/\1 \/openLANE_flow\/designs\/priority_encoder\/runs\/enc\/results\/lvs\/priority_encoder.lvs.powered.v/} /openLANE_flow/designs/priority_encoder/runs/enc/config.tcl"

Fri Aug 13 15:10:57 UTC 2021 - Executing "sed -i -e {s/\(set ::env(PREV_NETLIST)\).*/\1 \/openLANE_flow\/designs\/priority_encoder\/runs\/enc\/results\/synthesis\/priority_encoder.synthesis_preroute.v/} /openLANE_flow/designs/priority_encoder/runs/enc/config.tcl"

Fri Aug 13 15:10:57 UTC 2021 - Executing "magic -noconsole -dnull -rcfile /home/khalique/openlane/OpenLane/pdks/sky130A/libs.tech/magic/sky130A.magicrc /openLANE_flow/scripts/magic/mag_gds.tcl </dev/null |& tee >&@stdout /openLANE_flow/designs/priority_encoder/runs/enc/logs/magic/22-magic.log"

Fri Aug 13 15:10:59 UTC 2021 - Executing "magic -noconsole -dnull -rcfile /home/khalique/openlane/OpenLane/pdks/sky130A/libs.tech/magic/sky130A.magicrc /openLANE_flow/scripts/magic/gds_pointers.tcl </dev/null |& tee >&@stdout /openLANE_flow/designs/priority_encoder/runs/enc/logs/magic/23-magic.mag.gds_ptrs.log"

Fri Aug 13 15:10:59 UTC 2021 - Executing "sed -i -n {/^<< properties >>/,/^<< end >>/p} /openLANE_flow/designs/priority_encoder/runs/enc/tmp/magic/magic_gds_ptrs.mag"

Fri Aug 13 15:10:59 UTC 2021 - Executing "magic -noconsole -dnull -rcfile /home/khalique/openlane/OpenLane/pdks/sky130A/libs.tech/magic/sky130A.magicrc /openLANE_flow/scripts/magic/lef.tcl </dev/null |& tee >&@stdout /openLANE_flow/designs/priority_encoder/runs/enc/logs/magic/24-magic.lef.log"

Fri Aug 13 15:11:00 UTC 2021 - Executing "magic -noconsole -dnull -rcfile /home/khalique/openlane/OpenLane/pdks/sky130A/libs.tech/magic/sky130A.magicrc /openLANE_flow/scripts/magic/maglef.tcl </dev/null |& tee >&@stdout /openLANE_flow/designs/priority_encoder/runs/enc/logs/magic/25-magic.maglef.log"

Fri Aug 13 15:11:01 UTC 2021 - Executing "bash /openLANE_flow/scripts/klayout/def2gds.sh /home/khalique/openlane/OpenLane/pdks/sky130A/libs.tech/klayout/sky130A.lyt /openLANE_flow/designs/priority_encoder/runs/enc/results/routing/16-priority_encoder.def priority_encoder /openLANE_flow/designs/priority_encoder/runs/enc/results/klayout/priority_encoder.gds {/home/khalique/openlane/OpenLane/pdks/sky130A/libs.ref/sky130_fd_sc_hd/gds/sky130_ef_sc_hd__fill_12.gds /home/khalique/openlane/OpenLane/pdks/sky130A/libs.ref/sky130_fd_sc_hd/gds/sky130_ef_sc_hd__fakediode_2.gds /home/khalique/openlane/OpenLane/pdks/sky130A/libs.ref/sky130_fd_sc_hd/gds/sky130_ef_sc_hd__fill_4.gds /home/khalique/openlane/OpenLane/pdks/sky130A/libs.ref/sky130_fd_sc_hd/gds/sky130_ef_sc_hd__decap_12.gds /home/khalique/openlane/OpenLane/pdks/sky130A/libs.ref/sky130_fd_sc_hd/gds/sky130_fd_sc_hd.gds /home/khalique/openlane/OpenLane/pdks/sky130A/libs.ref/sky130_fd_sc_hd/gds/sky130_ef_sc_hd__fill_8.gds } |& tee >&@stdout /openLANE_flow/designs/priority_encoder/runs/enc/logs/klayout/26-klayout.log"

Fri Aug 13 15:11:08 UTC 2021 - Executing "bash /openLANE_flow/scripts/klayout/xor.sh /openLANE_flow/designs/priority_encoder/runs/enc/results/magic/priority_encoder.gds /openLANE_flow/designs/priority_encoder/runs/enc/results/klayout/priority_encoder.gds priority_encoder /openLANE_flow/designs/priority_encoder/runs/enc/results/klayout/priority_encoder.xor.gds |& tee >&@stdout /openLANE_flow/designs/priority_encoder/runs/enc/logs/klayout/27-klayout.xor.log"

Fri Aug 13 15:11:14 UTC 2021 - Executing "openroad -python /openLANE_flow/scripts/parse_klayout_xor_log.py -l /openLANE_flow/designs/priority_encoder/runs/enc/logs/klayout/27-klayout.xor.log -o /openLANE_flow/designs/priority_encoder/runs/enc/reports/klayout/27-klayout.xor.rpt"

Fri Aug 13 15:11:19 UTC 2021 - Executing "bash /openLANE_flow/scripts/klayout/xor.sh /openLANE_flow/designs/priority_encoder/runs/enc/results/magic/priority_encoder.gds /openLANE_flow/designs/priority_encoder/runs/enc/results/klayout/priority_encoder.gds priority_encoder /openLANE_flow/designs/priority_encoder/runs/enc/results/klayout/priority_encoder.xor.xml |& tee >&@stdout /openLANE_flow/designs/priority_encoder/runs/enc/logs/klayout/28-klayout.xor.log"

Fri Aug 13 15:11:26 UTC 2021 - Executing "openroad -python /openLANE_flow/scripts/parse_klayout_xor_log.py -l /openLANE_flow/designs/priority_encoder/runs/enc/logs/klayout/28-klayout.xor.log -o /openLANE_flow/designs/priority_encoder/runs/enc/reports/klayout/28-klayout.xor.rpt"

Fri Aug 13 15:11:31 UTC 2021 - Executing "magic -noconsole -dnull -rcfile /home/khalique/openlane/OpenLane/pdks/sky130A/libs.tech/magic/sky130A.magicrc /openLANE_flow/designs/priority_encoder/runs/enc/tmp/magic_spice.tcl </dev/null |& tee >&@stdout /openLANE_flow/designs/priority_encoder/runs/enc/logs/magic/29-magic_spice.log"

Fri Aug 13 15:11:32 UTC 2021 - Executing "netgen -batch source /openLANE_flow/designs/priority_encoder/runs/enc/tmp/lvs/setup_file.lef.lvs |& tee >&@stdout /openLANE_flow/designs/priority_encoder/runs/enc/logs/lvs/30-lvs.lef.log"

Fri Aug 13 15:11:32 UTC 2021 - Executing "magic -noconsole -dnull -rcfile /home/khalique/openlane/OpenLane/pdks/sky130A/libs.tech/magic/sky130A.magicrc /openLANE_flow/scripts/magic/drc.tcl </dev/null |& tee >&@stdout /openLANE_flow/designs/priority_encoder/runs/enc/logs/magic/31-magic.drc.log"

Fri Aug 13 15:11:34 UTC 2021 - Executing "openroad -python /openLANE_flow/scripts/magic_drc_to_tcl.py -i /openLANE_flow/designs/priority_encoder/runs/enc/reports/magic/31-magic.drc -o /openLANE_flow/designs/priority_encoder/runs/enc/reports/magic/31-magic.drc.tcl"

Fri Aug 13 15:11:39 UTC 2021 - Executing "openroad -python /openLANE_flow/scripts/magic_drc_to_tr_drc.py -i /openLANE_flow/designs/priority_encoder/runs/enc/reports/magic/31-magic.drc -o /openLANE_flow/designs/priority_encoder/runs/enc/reports/magic/31-magic.tr.drc"

Fri Aug 13 15:11:45 UTC 2021 - Executing "openroad -python /openLANE_flow/scripts/tr2klayout.py -i /openLANE_flow/designs/priority_encoder/runs/enc/reports/magic/31-magic.tr.drc -o /openLANE_flow/designs/priority_encoder/runs/enc/reports/magic/31-magic.drc.klayout.xml --design-name priority_encoder"

Fri Aug 13 15:11:50 UTC 2021 - Executing "openroad -python /openLANE_flow/scripts/magic_drc_to_rdb.py --magic_drc_in /openLANE_flow/designs/priority_encoder/runs/enc/reports/magic/31-magic.drc --rdb_out /openLANE_flow/designs/priority_encoder/runs/enc/reports/magic/31-magic.drc.rdb"

Fri Aug 13 15:11:56 UTC 2021 - Executing "openroad -exit /openLANE_flow/scripts/openroad/or_antenna_check.tcl |& tee >&@stdout /openLANE_flow/designs/priority_encoder/runs/enc/logs/routing/32-or_antenna.log"

Fri Aug 13 15:12:01 UTC 2021 - Executing "mv -f /openLANE_flow/designs/priority_encoder/runs/enc/reports/routing/antenna.rpt /openLANE_flow/designs/priority_encoder/runs/enc/reports/routing/33-antenna.rpt"

Fri Aug 13 15:12:01 UTC 2021 - Executing "awk { BEGIN {  # Print power and standard_input definitions
    print "VPWR power 1.8";
    print "VGND power 0.0";
    print "#define std_input min@VGND max@VPWR";
}
$1 == "input" {  # Print input nets
    gsub(/;/, "");
    if ( $2 == "VPWR" || $2 == "VGND" ) {  # ignore power nets
        next;
    }
    if ( NF == 3 ) {  # print buses as net[range]
        $2 = $3 $2;
    }
    print $2, "input std_input";
}} /openLANE_flow/designs/priority_encoder/runs/enc/results/lvs/priority_encoder.lvs.powered.v > /openLANE_flow/designs/priority_encoder/runs/enc/results/cvc/priority_encoder.power"

Fri Aug 13 15:12:01 UTC 2021 - Executing "awk { /Black-box entry subcircuit/ {  # remove black-box defintions
    while ( $1 != ".ends" ) {
        getline;
    }
    getline;
}
/^\*/ {  # remove comments
    next;
}
/^.ENDS .*/ {  # remove name from ends lines
    print $1;
    next;
}
 {
    print $0;
}} /home/khalique/openlane/OpenLane/pdks/sky130A/libs.ref/sky130_fd_sc_hd/cdl/sky130_fd_sc_hd.cdl /openLANE_flow/designs/priority_encoder/runs/enc/results/magic/priority_encoder.lef.spice > /openLANE_flow/designs/priority_encoder/runs/enc/results/cvc/priority_encoder.cdl"

Fri Aug 13 15:12:01 UTC 2021 - Executing "cvc /openLANE_flow/scripts/cvc/sky130A/cvcrc.sky130A |& tee >&@stdout /openLANE_flow/designs/priority_encoder/runs/enc/logs/cvc/34-cvc_screen.log"

Fri Aug 13 15:12:02 UTC 2021 - Executing "openroad -python /openLANE_flow/report_generation_wrapper.py -d /openLANE_flow/designs/priority_encoder -dn priority_encoder -t enc -o /openLANE_flow/designs/priority_encoder/runs/enc/reports/final_summary_report.csv -m /openLANE_flow/designs/priority_encoder/runs/enc/reports/manufacturability_report.rpt -rs /openLANE_flow/designs/priority_encoder/runs/enc/reports/runtime_summary_report.rpt -r /openLANE_flow/designs/priority_encoder/runs/enc"

